2016-01-31 13:31:13,465 [main][INFO ][][EnvironmentLoader] - Starting Shiro environment initialization.
2016-01-31 13:31:13,481 [main][DEBUG][][IniWebEnvironment] - Checking any specified config locations.
2016-01-31 13:31:13,482 [main][DEBUG][][IniWebEnvironment] - No INI instance or config locations specified.  Trying default config locations.
2016-01-31 13:31:13,504 [main][DEBUG][][Ini] - Parsing [main]
2016-01-31 13:31:13,507 [main][DEBUG][][Ini] - Parsing [urls]
2016-01-31 13:31:13,509 [main][DEBUG][][IniWebEnvironment] - Discovered non-empty INI configuration at location '/WEB-INF/shiro.ini'.  Using for configuration.
2016-01-31 13:31:13,517 [main][DEBUG][][IniFactorySupport] - Creating instance from Ini [sections=main,urls]
2016-01-31 13:31:13,607 [main][INFO ][][ReflectionBuilder] - An instance with name 'authcBasic' already exists.  Redefining this object as a new instance of type com.semjournals.shiro.CrossOriginBasicHttpAuthenticationFilter
2016-01-31 13:31:13,795 [main][DEBUG][][ReflectionBuilder] - Encountered object reference '$jdbcRealm'.  Looking up object with id 'jdbcRealm'
2016-01-31 13:31:13,796 [main][DEBUG][][ReflectionBuilder] - Encountered object reference '$jdbcRealm'.  Looking up object with id 'jdbcRealm'
2016-01-31 13:31:13,796 [main][DEBUG][][AuthorizingRealm] - No authorizationCache instance set.  Checking for a cacheManager...
2016-01-31 13:31:13,796 [main][INFO ][][AuthorizingRealm] - No cache or cacheManager properties have been set.  Authorization cache cannot be obtained.
2016-01-31 13:31:13,796 [main][INFO ][][IniSecurityManagerFactory] - Realms have been explicitly set on the SecurityManager instance - auto-setting of realms will not occur.
2016-01-31 13:31:13,799 [main][DEBUG][][IniFactorySupport] - Creating instance from Ini [sections=main,urls]
2016-01-31 13:31:13,804 [main][DEBUG][][DefaultFilterChainManager] - Creating chain [/v1/ping] from String definition [anon]
2016-01-31 13:31:13,805 [main][DEBUG][][DefaultFilterChainManager] - Attempting to apply path [/v1/ping] to filter [anon] with config [null]
2016-01-31 13:31:13,816 [main][DEBUG][][DefaultFilterChainManager] - Creating chain [/v1/swagger.json] from String definition [anon]
2016-01-31 13:31:13,817 [main][DEBUG][][DefaultFilterChainManager] - Attempting to apply path [/v1/swagger.json] to filter [anon] with config [null]
2016-01-31 13:31:13,817 [main][DEBUG][][DefaultFilterChainManager] - Creating chain [/v1/**] from String definition [noSessionCreation, authcBasic]
2016-01-31 13:31:13,817 [main][DEBUG][][DefaultFilterChainManager] - Attempting to apply path [/v1/**] to filter [noSessionCreation] with config [null]
2016-01-31 13:31:13,817 [main][DEBUG][][DefaultFilterChainManager] - Attempting to apply path [/v1/**] to filter [authcBasic] with config [null]
2016-01-31 13:31:13,818 [main][DEBUG][][EnvironmentLoader] - Published WebEnvironment as ServletContext attribute with name [org.apache.shiro.web.env.EnvironmentLoader.ENVIRONMENT_ATTRIBUTE_KEY]
2016-01-31 13:31:13,819 [main][INFO ][][EnvironmentLoader] - Shiro environment initialized in 350 ms.
2016-01-31 13:46:35,268 [qtp1849610076-26][DEBUG][][BasicHttpAuthenticationFilter] - Authentication required: sending 401 Authentication challenge response.
2016-01-31 13:49:43,649 [qtp1849610076-25][DEBUG][][BasicHttpAuthenticationFilter] - Attempting to execute login with headers [Basic bWFyaW9AZ21haWwuY29tOmFiYzEyMzQ1]
2016-01-31 13:49:44,398 [qtp1849610076-25][DEBUG][][HibernateUtil] - HibernateUtil.static - loading config
2016-01-31 13:49:45,803 [qtp1849610076-25][DEBUG][][HibernateUtil] - HibernateUtil.static - config fully loaded
2016-01-31 13:49:45,902 [qtp1849610076-25][DEBUG][][AuthenticatingRealm] - Looked up AuthenticationInfo [mario@gmail.com] from doGetAuthenticationInfo
2016-01-31 13:49:45,902 [qtp1849610076-25][DEBUG][][AuthenticatingRealm] - AuthenticationInfo caching is disabled for info [mario@gmail.com].  Submitted token: [org.apache.shiro.authc.UsernamePasswordToken - mario@gmail.com, rememberMe=false (0:0:0:0:0:0:0:1)].
2016-01-31 13:49:46,227 [qtp1849610076-25][DEBUG][][SimpleCredentialsMatcher] - Performing credentials equality check for tokenCredentials of type [java.lang.String and accountCredentials of type [java.lang.String]
2016-01-31 13:49:46,227 [qtp1849610076-25][DEBUG][][SimpleCredentialsMatcher] - Both credentials arguments can be easily converted to byte arrays.  Performing array equals comparison
2016-01-31 13:49:46,227 [qtp1849610076-25][DEBUG][][AbstractAuthenticator] - Authentication successful for token [org.apache.shiro.authc.UsernamePasswordToken - mario@gmail.com, rememberMe=false (0:0:0:0:0:0:0:1)].  Returned account [mario@gmail.com]
2016-01-31 13:49:46,232 [qtp1849610076-25][DEBUG][][DefaultSubjectContext] - No SecurityManager available in subject context map.  Falling back to SecurityUtils.getSecurityManager() lookup.
2016-01-31 13:49:46,233 [qtp1849610076-25][DEBUG][][DefaultSubjectContext] - No SecurityManager available in subject context map.  Falling back to SecurityUtils.getSecurityManager() lookup.
2016-01-31 13:49:46,234 [qtp1849610076-25][DEBUG][][SimpleCookie] - Added HttpServletResponse Cookie [rememberMe=deleteMe; Path=/; Max-Age=0; Expires=Sat, 30-Jan-2016 15:49:46 GMT]
2016-01-31 13:49:46,234 [qtp1849610076-25][DEBUG][][AbstractRememberMeManager] - AuthenticationToken did not indicate RememberMe is requested.  RememberMe functionality will not be executed for corresponding account.
2016-01-31 13:49:46,453 [qtp1849610076-27][DEBUG][][BasicHttpAuthenticationFilter] - Attempting to execute login with headers [Basic bWFyaW9AZ21haWwuY29tOmFiYzEyMzQ1]
2016-01-31 13:49:46,478 [qtp1849610076-27][DEBUG][][AuthenticatingRealm] - Looked up AuthenticationInfo [mario@gmail.com] from doGetAuthenticationInfo
2016-01-31 13:49:46,479 [qtp1849610076-27][DEBUG][][AuthenticatingRealm] - AuthenticationInfo caching is disabled for info [mario@gmail.com].  Submitted token: [org.apache.shiro.authc.UsernamePasswordToken - mario@gmail.com, rememberMe=false (0:0:0:0:0:0:0:1)].
2016-01-31 13:49:46,589 [qtp1849610076-27][DEBUG][][SimpleCredentialsMatcher] - Performing credentials equality check for tokenCredentials of type [java.lang.String and accountCredentials of type [java.lang.String]
2016-01-31 13:49:46,597 [qtp1849610076-27][DEBUG][][SimpleCredentialsMatcher] - Both credentials arguments can be easily converted to byte arrays.  Performing array equals comparison
2016-01-31 13:49:46,597 [qtp1849610076-27][DEBUG][][AbstractAuthenticator] - Authentication successful for token [org.apache.shiro.authc.UsernamePasswordToken - mario@gmail.com, rememberMe=false (0:0:0:0:0:0:0:1)].  Returned account [mario@gmail.com]
2016-01-31 13:49:46,597 [qtp1849610076-27][DEBUG][][DefaultSubjectContext] - No SecurityManager available in subject context map.  Falling back to SecurityUtils.getSecurityManager() lookup.
2016-01-31 13:49:46,598 [qtp1849610076-27][DEBUG][][DefaultSubjectContext] - No SecurityManager available in subject context map.  Falling back to SecurityUtils.getSecurityManager() lookup.
2016-01-31 13:49:46,598 [qtp1849610076-27][DEBUG][][SimpleCookie] - Added HttpServletResponse Cookie [rememberMe=deleteMe; Path=/; Max-Age=0; Expires=Sat, 30-Jan-2016 15:49:46 GMT]
2016-01-31 13:49:46,598 [qtp1849610076-27][DEBUG][][AbstractRememberMeManager] - AuthenticationToken did not indicate RememberMe is requested.  RememberMe functionality will not be executed for corresponding account.
2016-01-31 13:49:46,599 [qtp1849610076-27][DEBUG][][AuthorizingRealm] - No authorizationCache instance set.  Checking for a cacheManager...
2016-01-31 13:49:46,599 [qtp1849610076-27][INFO ][][AuthorizingRealm] - No cache or cacheManager properties have been set.  Authorization cache cannot be obtained.
2016-01-31 13:49:53,838 [qtp1849610076-25][DEBUG][][BasicHttpAuthenticationFilter] - Attempting to execute login with headers [Basic bWFyaW9AZ21haWwuY29tOmFiYzEyMzQ1]
2016-01-31 13:49:53,840 [qtp1849610076-25][DEBUG][][AuthenticatingRealm] - Looked up AuthenticationInfo [mario@gmail.com] from doGetAuthenticationInfo
2016-01-31 13:49:53,840 [qtp1849610076-25][DEBUG][][AuthenticatingRealm] - AuthenticationInfo caching is disabled for info [mario@gmail.com].  Submitted token: [org.apache.shiro.authc.UsernamePasswordToken - mario@gmail.com, rememberMe=false (0:0:0:0:0:0:0:1)].
2016-01-31 13:49:53,980 [qtp1849610076-25][DEBUG][][SimpleCredentialsMatcher] - Performing credentials equality check for tokenCredentials of type [java.lang.String and accountCredentials of type [java.lang.String]
2016-01-31 13:49:53,981 [qtp1849610076-25][DEBUG][][SimpleCredentialsMatcher] - Both credentials arguments can be easily converted to byte arrays.  Performing array equals comparison
2016-01-31 13:49:53,981 [qtp1849610076-25][DEBUG][][AbstractAuthenticator] - Authentication successful for token [org.apache.shiro.authc.UsernamePasswordToken - mario@gmail.com, rememberMe=false (0:0:0:0:0:0:0:1)].  Returned account [mario@gmail.com]
2016-01-31 13:49:53,981 [qtp1849610076-25][DEBUG][][DefaultSubjectContext] - No SecurityManager available in subject context map.  Falling back to SecurityUtils.getSecurityManager() lookup.
2016-01-31 13:49:53,981 [qtp1849610076-25][DEBUG][][DefaultSubjectContext] - No SecurityManager available in subject context map.  Falling back to SecurityUtils.getSecurityManager() lookup.
2016-01-31 13:49:53,982 [qtp1849610076-25][DEBUG][][SimpleCookie] - Added HttpServletResponse Cookie [rememberMe=deleteMe; Path=/; Max-Age=0; Expires=Sat, 30-Jan-2016 15:49:53 GMT]
2016-01-31 13:49:53,982 [qtp1849610076-25][DEBUG][][AbstractRememberMeManager] - AuthenticationToken did not indicate RememberMe is requested.  RememberMe functionality will not be executed for corresponding account.
2016-01-31 13:49:53,992 [qtp1849610076-25][DEBUG][][AuthorizingRealm] - No authorizationCache instance set.  Checking for a cacheManager...
2016-01-31 13:49:53,993 [qtp1849610076-25][INFO ][][AuthorizingRealm] - No cache or cacheManager properties have been set.  Authorization cache cannot be obtained.
2016-01-31 13:49:54,054 [qtp1849610076-27][DEBUG][][BasicHttpAuthenticationFilter] - Attempting to execute login with headers [Basic bWFyaW9AZ21haWwuY29tOmFiYzEyMzQ1]
2016-01-31 13:49:54,056 [qtp1849610076-27][DEBUG][][AuthenticatingRealm] - Looked up AuthenticationInfo [mario@gmail.com] from doGetAuthenticationInfo
2016-01-31 13:49:54,056 [qtp1849610076-27][DEBUG][][AuthenticatingRealm] - AuthenticationInfo caching is disabled for info [mario@gmail.com].  Submitted token: [org.apache.shiro.authc.UsernamePasswordToken - mario@gmail.com, rememberMe=false (0:0:0:0:0:0:0:1)].
2016-01-31 13:49:54,145 [qtp1849610076-27][DEBUG][][SimpleCredentialsMatcher] - Performing credentials equality check for tokenCredentials of type [java.lang.String and accountCredentials of type [java.lang.String]
2016-01-31 13:49:54,154 [qtp1849610076-27][DEBUG][][SimpleCredentialsMatcher] - Both credentials arguments can be easily converted to byte arrays.  Performing array equals comparison
2016-01-31 13:49:54,154 [qtp1849610076-27][DEBUG][][AbstractAuthenticator] - Authentication successful for token [org.apache.shiro.authc.UsernamePasswordToken - mario@gmail.com, rememberMe=false (0:0:0:0:0:0:0:1)].  Returned account [mario@gmail.com]
2016-01-31 13:49:54,154 [qtp1849610076-27][DEBUG][][DefaultSubjectContext] - No SecurityManager available in subject context map.  Falling back to SecurityUtils.getSecurityManager() lookup.
2016-01-31 13:49:54,154 [qtp1849610076-27][DEBUG][][DefaultSubjectContext] - No SecurityManager available in subject context map.  Falling back to SecurityUtils.getSecurityManager() lookup.
2016-01-31 13:49:54,160 [qtp1849610076-27][DEBUG][][SimpleCookie] - Added HttpServletResponse Cookie [rememberMe=deleteMe; Path=/; Max-Age=0; Expires=Sat, 30-Jan-2016 15:49:54 GMT]
2016-01-31 13:49:54,160 [qtp1849610076-27][DEBUG][][AbstractRememberMeManager] - AuthenticationToken did not indicate RememberMe is requested.  RememberMe functionality will not be executed for corresponding account.
2016-01-31 13:49:54,161 [qtp1849610076-27][DEBUG][][AuthorizingRealm] - No authorizationCache instance set.  Checking for a cacheManager...
2016-01-31 13:49:54,161 [qtp1849610076-27][INFO ][][AuthorizingRealm] - No cache or cacheManager properties have been set.  Authorization cache cannot be obtained.
2016-01-31 13:49:57,304 [qtp1849610076-25][DEBUG][][BasicHttpAuthenticationFilter] - Attempting to execute login with headers [Basic bWFyaW9AZ21haWwuY29tOmFiYzEyMzQ1]
2016-01-31 13:49:57,306 [qtp1849610076-25][DEBUG][][AuthenticatingRealm] - Looked up AuthenticationInfo [mario@gmail.com] from doGetAuthenticationInfo
2016-01-31 13:49:57,306 [qtp1849610076-25][DEBUG][][AuthenticatingRealm] - AuthenticationInfo caching is disabled for info [mario@gmail.com].  Submitted token: [org.apache.shiro.authc.UsernamePasswordToken - mario@gmail.com, rememberMe=false (0:0:0:0:0:0:0:1)].
2016-01-31 13:49:57,391 [qtp1849610076-25][DEBUG][][SimpleCredentialsMatcher] - Performing credentials equality check for tokenCredentials of type [java.lang.String and accountCredentials of type [java.lang.String]
2016-01-31 13:49:57,391 [qtp1849610076-25][DEBUG][][SimpleCredentialsMatcher] - Both credentials arguments can be easily converted to byte arrays.  Performing array equals comparison
2016-01-31 13:49:57,392 [qtp1849610076-25][DEBUG][][AbstractAuthenticator] - Authentication successful for token [org.apache.shiro.authc.UsernamePasswordToken - mario@gmail.com, rememberMe=false (0:0:0:0:0:0:0:1)].  Returned account [mario@gmail.com]
2016-01-31 13:49:57,392 [qtp1849610076-25][DEBUG][][DefaultSubjectContext] - No SecurityManager available in subject context map.  Falling back to SecurityUtils.getSecurityManager() lookup.
2016-01-31 13:49:57,392 [qtp1849610076-25][DEBUG][][DefaultSubjectContext] - No SecurityManager available in subject context map.  Falling back to SecurityUtils.getSecurityManager() lookup.
2016-01-31 13:49:57,399 [qtp1849610076-25][DEBUG][][SimpleCookie] - Added HttpServletResponse Cookie [rememberMe=deleteMe; Path=/; Max-Age=0; Expires=Sat, 30-Jan-2016 15:49:57 GMT]
2016-01-31 13:49:57,399 [qtp1849610076-25][DEBUG][][AbstractRememberMeManager] - AuthenticationToken did not indicate RememberMe is requested.  RememberMe functionality will not be executed for corresponding account.
2016-01-31 13:49:57,400 [qtp1849610076-25][DEBUG][][AuthorizingRealm] - No authorizationCache instance set.  Checking for a cacheManager...
2016-01-31 13:49:57,400 [qtp1849610076-25][INFO ][][AuthorizingRealm] - No cache or cacheManager properties have been set.  Authorization cache cannot be obtained.
2016-01-31 13:49:57,421 [qtp1849610076-27][DEBUG][][BasicHttpAuthenticationFilter] - Attempting to execute login with headers [Basic bWFyaW9AZ21haWwuY29tOmFiYzEyMzQ1]
2016-01-31 13:49:57,422 [qtp1849610076-27][DEBUG][][AuthenticatingRealm] - Looked up AuthenticationInfo [mario@gmail.com] from doGetAuthenticationInfo
2016-01-31 13:49:57,422 [qtp1849610076-27][DEBUG][][AuthenticatingRealm] - AuthenticationInfo caching is disabled for info [mario@gmail.com].  Submitted token: [org.apache.shiro.authc.UsernamePasswordToken - mario@gmail.com, rememberMe=false (0:0:0:0:0:0:0:1)].
2016-01-31 13:49:57,496 [qtp1849610076-27][DEBUG][][SimpleCredentialsMatcher] - Performing credentials equality check for tokenCredentials of type [java.lang.String and accountCredentials of type [java.lang.String]
2016-01-31 13:49:57,504 [qtp1849610076-27][DEBUG][][SimpleCredentialsMatcher] - Both credentials arguments can be easily converted to byte arrays.  Performing array equals comparison
2016-01-31 13:49:57,504 [qtp1849610076-27][DEBUG][][AbstractAuthenticator] - Authentication successful for token [org.apache.shiro.authc.UsernamePasswordToken - mario@gmail.com, rememberMe=false (0:0:0:0:0:0:0:1)].  Returned account [mario@gmail.com]
2016-01-31 13:49:57,504 [qtp1849610076-27][DEBUG][][DefaultSubjectContext] - No SecurityManager available in subject context map.  Falling back to SecurityUtils.getSecurityManager() lookup.
2016-01-31 13:49:57,504 [qtp1849610076-27][DEBUG][][DefaultSubjectContext] - No SecurityManager available in subject context map.  Falling back to SecurityUtils.getSecurityManager() lookup.
2016-01-31 13:49:57,504 [qtp1849610076-27][DEBUG][][SimpleCookie] - Added HttpServletResponse Cookie [rememberMe=deleteMe; Path=/; Max-Age=0; Expires=Sat, 30-Jan-2016 15:49:57 GMT]
2016-01-31 13:49:57,504 [qtp1849610076-27][DEBUG][][AbstractRememberMeManager] - AuthenticationToken did not indicate RememberMe is requested.  RememberMe functionality will not be executed for corresponding account.
2016-01-31 13:49:57,505 [qtp1849610076-27][DEBUG][][AuthorizingRealm] - No authorizationCache instance set.  Checking for a cacheManager...
2016-01-31 13:49:57,505 [qtp1849610076-27][INFO ][][AuthorizingRealm] - No cache or cacheManager properties have been set.  Authorization cache cannot be obtained.
2016-01-31 13:50:04,616 [qtp1849610076-25][DEBUG][][BasicHttpAuthenticationFilter] - Attempting to execute login with headers [Basic bWFyaW9AZ21haWwuY29tOmFiYzEyMzQ1]
2016-01-31 13:50:04,617 [qtp1849610076-25][DEBUG][][AuthenticatingRealm] - Looked up AuthenticationInfo [mario@gmail.com] from doGetAuthenticationInfo
2016-01-31 13:50:04,617 [qtp1849610076-25][DEBUG][][AuthenticatingRealm] - AuthenticationInfo caching is disabled for info [mario@gmail.com].  Submitted token: [org.apache.shiro.authc.UsernamePasswordToken - mario@gmail.com, rememberMe=false (0:0:0:0:0:0:0:1)].
2016-01-31 13:50:04,690 [qtp1849610076-25][DEBUG][][SimpleCredentialsMatcher] - Performing credentials equality check for tokenCredentials of type [java.lang.String and accountCredentials of type [java.lang.String]
2016-01-31 13:50:04,691 [qtp1849610076-25][DEBUG][][SimpleCredentialsMatcher] - Both credentials arguments can be easily converted to byte arrays.  Performing array equals comparison
2016-01-31 13:50:04,691 [qtp1849610076-25][DEBUG][][AbstractAuthenticator] - Authentication successful for token [org.apache.shiro.authc.UsernamePasswordToken - mario@gmail.com, rememberMe=false (0:0:0:0:0:0:0:1)].  Returned account [mario@gmail.com]
2016-01-31 13:50:04,691 [qtp1849610076-25][DEBUG][][DefaultSubjectContext] - No SecurityManager available in subject context map.  Falling back to SecurityUtils.getSecurityManager() lookup.
2016-01-31 13:50:04,691 [qtp1849610076-25][DEBUG][][DefaultSubjectContext] - No SecurityManager available in subject context map.  Falling back to SecurityUtils.getSecurityManager() lookup.
2016-01-31 13:50:04,691 [qtp1849610076-25][DEBUG][][SimpleCookie] - Added HttpServletResponse Cookie [rememberMe=deleteMe; Path=/; Max-Age=0; Expires=Sat, 30-Jan-2016 15:50:04 GMT]
2016-01-31 13:50:04,691 [qtp1849610076-25][DEBUG][][AbstractRememberMeManager] - AuthenticationToken did not indicate RememberMe is requested.  RememberMe functionality will not be executed for corresponding account.
2016-01-31 13:50:04,692 [qtp1849610076-25][DEBUG][][AuthorizingRealm] - No authorizationCache instance set.  Checking for a cacheManager...
2016-01-31 13:50:04,692 [qtp1849610076-25][INFO ][][AuthorizingRealm] - No cache or cacheManager properties have been set.  Authorization cache cannot be obtained.
2016-01-31 13:50:04,707 [qtp1849610076-25][ERROR][][SqlExceptionHelper] - ERROR: update or delete on table "account" violates foreign key constraint "journal_creator_id_fkey" on table "journal"
  Detail: Key (id)=(fa2f9433-1240-4389-9079-94cab6d2b99e) is still referenced from table "journal".
2016-01-31 13:50:04,708 [qtp1849610076-25][ERROR][][SessionImpl] - HHH000346: Error during managed flush [could not execute statement]
2016-01-31 13:50:04,765 [qtp1849610076-25][DEBUG][][BasicHttpAuthenticationFilter] - Attempting to execute login with headers [Basic bWFyaW9AZ21haWwuY29tOmFiYzEyMzQ1]
2016-01-31 13:50:04,767 [qtp1849610076-25][DEBUG][][AuthenticatingRealm] - Looked up AuthenticationInfo [mario@gmail.com] from doGetAuthenticationInfo
2016-01-31 13:50:04,767 [qtp1849610076-25][DEBUG][][AuthenticatingRealm] - AuthenticationInfo caching is disabled for info [mario@gmail.com].  Submitted token: [org.apache.shiro.authc.UsernamePasswordToken - mario@gmail.com, rememberMe=false (0:0:0:0:0:0:0:1)].
2016-01-31 13:50:04,850 [qtp1849610076-25][DEBUG][][SimpleCredentialsMatcher] - Performing credentials equality check for tokenCredentials of type [java.lang.String and accountCredentials of type [java.lang.String]
2016-01-31 13:50:04,850 [qtp1849610076-25][DEBUG][][SimpleCredentialsMatcher] - Both credentials arguments can be easily converted to byte arrays.  Performing array equals comparison
2016-01-31 13:50:04,850 [qtp1849610076-25][DEBUG][][AbstractAuthenticator] - Authentication successful for token [org.apache.shiro.authc.UsernamePasswordToken - mario@gmail.com, rememberMe=false (0:0:0:0:0:0:0:1)].  Returned account [mario@gmail.com]
2016-01-31 13:50:04,850 [qtp1849610076-25][DEBUG][][DefaultSubjectContext] - No SecurityManager available in subject context map.  Falling back to SecurityUtils.getSecurityManager() lookup.
2016-01-31 13:50:04,850 [qtp1849610076-25][DEBUG][][DefaultSubjectContext] - No SecurityManager available in subject context map.  Falling back to SecurityUtils.getSecurityManager() lookup.
2016-01-31 13:50:04,850 [qtp1849610076-25][DEBUG][][SimpleCookie] - Added HttpServletResponse Cookie [rememberMe=deleteMe; Path=/; Max-Age=0; Expires=Sat, 30-Jan-2016 15:50:04 GMT]
2016-01-31 13:50:04,850 [qtp1849610076-25][DEBUG][][AbstractRememberMeManager] - AuthenticationToken did not indicate RememberMe is requested.  RememberMe functionality will not be executed for corresponding account.
2016-01-31 13:50:04,851 [qtp1849610076-25][DEBUG][][AuthorizingRealm] - No authorizationCache instance set.  Checking for a cacheManager...
2016-01-31 13:50:04,851 [qtp1849610076-25][INFO ][][AuthorizingRealm] - No cache or cacheManager properties have been set.  Authorization cache cannot be obtained.
2016-01-31 13:50:09,769 [qtp1849610076-27][DEBUG][][BasicHttpAuthenticationFilter] - Attempting to execute login with headers [Basic bWFyaW9AZ21haWwuY29tOmFiYzEyMzQ1]
2016-01-31 13:50:09,770 [qtp1849610076-27][DEBUG][][AuthenticatingRealm] - Looked up AuthenticationInfo [mario@gmail.com] from doGetAuthenticationInfo
2016-01-31 13:50:09,770 [qtp1849610076-27][DEBUG][][AuthenticatingRealm] - AuthenticationInfo caching is disabled for info [mario@gmail.com].  Submitted token: [org.apache.shiro.authc.UsernamePasswordToken - mario@gmail.com, rememberMe=false (0:0:0:0:0:0:0:1)].
2016-01-31 13:50:09,897 [qtp1849610076-27][DEBUG][][SimpleCredentialsMatcher] - Performing credentials equality check for tokenCredentials of type [java.lang.String and accountCredentials of type [java.lang.String]
2016-01-31 13:50:09,897 [qtp1849610076-27][DEBUG][][SimpleCredentialsMatcher] - Both credentials arguments can be easily converted to byte arrays.  Performing array equals comparison
2016-01-31 13:50:09,897 [qtp1849610076-27][DEBUG][][AbstractAuthenticator] - Authentication successful for token [org.apache.shiro.authc.UsernamePasswordToken - mario@gmail.com, rememberMe=false (0:0:0:0:0:0:0:1)].  Returned account [mario@gmail.com]
2016-01-31 13:50:09,908 [qtp1849610076-27][DEBUG][][DefaultSubjectContext] - No SecurityManager available in subject context map.  Falling back to SecurityUtils.getSecurityManager() lookup.
2016-01-31 13:50:09,908 [qtp1849610076-27][DEBUG][][DefaultSubjectContext] - No SecurityManager available in subject context map.  Falling back to SecurityUtils.getSecurityManager() lookup.
2016-01-31 13:50:09,909 [qtp1849610076-27][DEBUG][][SimpleCookie] - Added HttpServletResponse Cookie [rememberMe=deleteMe; Path=/; Max-Age=0; Expires=Sat, 30-Jan-2016 15:50:09 GMT]
2016-01-31 13:50:09,909 [qtp1849610076-27][DEBUG][][AbstractRememberMeManager] - AuthenticationToken did not indicate RememberMe is requested.  RememberMe functionality will not be executed for corresponding account.
2016-01-31 13:50:09,913 [qtp1849610076-27][DEBUG][][AuthorizingRealm] - No authorizationCache instance set.  Checking for a cacheManager...
2016-01-31 13:50:09,913 [qtp1849610076-27][INFO ][][AuthorizingRealm] - No cache or cacheManager properties have been set.  Authorization cache cannot be obtained.
2016-01-31 13:50:32,238 [qtp1849610076-25][DEBUG][][BasicHttpAuthenticationFilter] - Attempting to execute login with headers [Basic bWFyaW9AZ21haWwuY29tOmFiYzEyMzQ1]
2016-01-31 13:50:32,239 [qtp1849610076-25][DEBUG][][AuthenticatingRealm] - Looked up AuthenticationInfo [mario@gmail.com] from doGetAuthenticationInfo
2016-01-31 13:50:32,250 [qtp1849610076-25][DEBUG][][AuthenticatingRealm] - AuthenticationInfo caching is disabled for info [mario@gmail.com].  Submitted token: [org.apache.shiro.authc.UsernamePasswordToken - mario@gmail.com, rememberMe=false (0:0:0:0:0:0:0:1)].
2016-01-31 13:50:32,321 [qtp1849610076-25][DEBUG][][SimpleCredentialsMatcher] - Performing credentials equality check for tokenCredentials of type [java.lang.String and accountCredentials of type [java.lang.String]
2016-01-31 13:50:32,329 [qtp1849610076-25][DEBUG][][SimpleCredentialsMatcher] - Both credentials arguments can be easily converted to byte arrays.  Performing array equals comparison
2016-01-31 13:50:32,329 [qtp1849610076-25][DEBUG][][AbstractAuthenticator] - Authentication successful for token [org.apache.shiro.authc.UsernamePasswordToken - mario@gmail.com, rememberMe=false (0:0:0:0:0:0:0:1)].  Returned account [mario@gmail.com]
2016-01-31 13:50:32,335 [qtp1849610076-25][DEBUG][][DefaultSubjectContext] - No SecurityManager available in subject context map.  Falling back to SecurityUtils.getSecurityManager() lookup.
2016-01-31 13:50:32,336 [qtp1849610076-25][DEBUG][][DefaultSubjectContext] - No SecurityManager available in subject context map.  Falling back to SecurityUtils.getSecurityManager() lookup.
2016-01-31 13:50:32,336 [qtp1849610076-25][DEBUG][][SimpleCookie] - Added HttpServletResponse Cookie [rememberMe=deleteMe; Path=/; Max-Age=0; Expires=Sat, 30-Jan-2016 15:50:32 GMT]
2016-01-31 13:50:32,336 [qtp1849610076-25][DEBUG][][AbstractRememberMeManager] - AuthenticationToken did not indicate RememberMe is requested.  RememberMe functionality will not be executed for corresponding account.
2016-01-31 13:50:32,490 [qtp1849610076-25][DEBUG][][AuthorizingRealm] - No authorizationCache instance set.  Checking for a cacheManager...
2016-01-31 13:50:32,490 [qtp1849610076-25][INFO ][][AuthorizingRealm] - No cache or cacheManager properties have been set.  Authorization cache cannot be obtained.
2016-01-31 13:51:04,337 [qtp1849610076-27][DEBUG][][BasicHttpAuthenticationFilter] - Attempting to execute login with headers [Basic bWFyaW9AZ21haWwuY29tOmFiYzEyMzQ1]
2016-01-31 13:51:04,339 [qtp1849610076-27][DEBUG][][AuthenticatingRealm] - Looked up AuthenticationInfo [mario@gmail.com] from doGetAuthenticationInfo
2016-01-31 13:51:04,339 [qtp1849610076-27][DEBUG][][AuthenticatingRealm] - AuthenticationInfo caching is disabled for info [mario@gmail.com].  Submitted token: [org.apache.shiro.authc.UsernamePasswordToken - mario@gmail.com, rememberMe=false (0:0:0:0:0:0:0:1)].
2016-01-31 13:51:04,482 [qtp1849610076-27][DEBUG][][SimpleCredentialsMatcher] - Performing credentials equality check for tokenCredentials of type [java.lang.String and accountCredentials of type [java.lang.String]
2016-01-31 13:51:04,482 [qtp1849610076-27][DEBUG][][SimpleCredentialsMatcher] - Both credentials arguments can be easily converted to byte arrays.  Performing array equals comparison
2016-01-31 13:51:04,482 [qtp1849610076-27][DEBUG][][AbstractAuthenticator] - Authentication successful for token [org.apache.shiro.authc.UsernamePasswordToken - mario@gmail.com, rememberMe=false (0:0:0:0:0:0:0:1)].  Returned account [mario@gmail.com]
2016-01-31 13:51:04,483 [qtp1849610076-27][DEBUG][][DefaultSubjectContext] - No SecurityManager available in subject context map.  Falling back to SecurityUtils.getSecurityManager() lookup.
2016-01-31 13:51:04,483 [qtp1849610076-27][DEBUG][][DefaultSubjectContext] - No SecurityManager available in subject context map.  Falling back to SecurityUtils.getSecurityManager() lookup.
2016-01-31 13:51:04,483 [qtp1849610076-27][DEBUG][][SimpleCookie] - Added HttpServletResponse Cookie [rememberMe=deleteMe; Path=/; Max-Age=0; Expires=Sat, 30-Jan-2016 15:51:04 GMT]
2016-01-31 13:51:04,483 [qtp1849610076-27][DEBUG][][AbstractRememberMeManager] - AuthenticationToken did not indicate RememberMe is requested.  RememberMe functionality will not be executed for corresponding account.
2016-01-31 13:51:04,484 [qtp1849610076-27][DEBUG][][AuthorizingRealm] - No authorizationCache instance set.  Checking for a cacheManager...
2016-01-31 13:51:04,484 [qtp1849610076-27][INFO ][][AuthorizingRealm] - No cache or cacheManager properties have been set.  Authorization cache cannot be obtained.
